<?xml version="1.0" encoding="UTF-8"?>
<robot generator="Robot 7.0 (Python 3.9.19 on darwin)" generated="2024-04-14T10:14:35.627703" rpa="false" schemaversion="5">
<suite id="s1" name="Registration" source="/Users/sudhansu/Desktop/Folder/MyProjects/Robot framework/UIAutomation/tests/registration.robot">
<test id="s1-t1" name="Registration" line="10">
<kw name="Open Application" owner="Register">
<kw name="Open Browser" owner="SeleniumLibrary">
<msg time="2024-04-14T10:14:35.692086" level="INFO">Opening browser 'chrome' to base url 'https://demo.guru99.com/test/newtours/index.php'.</msg>
<arg>${siteurl}</arg>
<arg>${browser}</arg>
<doc>Opens a new browser instance to the given ``url``.</doc>
<status status="PASS" start="2024-04-14T10:14:35.691973" elapsed="45.518868"/>
</kw>
<kw name="Maximize Browser Window" owner="SeleniumLibrary">
<doc>Maximizes current browser window.</doc>
<status status="PASS" start="2024-04-14T10:15:21.211209" elapsed="0.464807"/>
</kw>
<arg>${siteurl}</arg>
<arg>${browser}</arg>
<status status="PASS" start="2024-04-14T10:14:35.691487" elapsed="45.984663"/>
</kw>
<kw name="open registration link" owner="Register">
<kw name="Click Link" owner="SeleniumLibrary">
<msg time="2024-04-14T10:15:21.677044" level="INFO">Clicking link 'xpath://a[text()='REGISTER']'.</msg>
<arg>${register_link}</arg>
<doc>Clicks a link identified by ``locator``.</doc>
<status status="PASS" start="2024-04-14T10:15:21.676869" elapsed="17.333497"/>
</kw>
<kw name="Wait Until Element Is Visible" owner="SeleniumLibrary">
<arg>${information_text}</arg>
<doc>Waits until element ``locator`` is visible.</doc>
<status status="PASS" start="2024-04-14T10:15:39.010522" elapsed="0.013293"/>
</kw>
<status status="PASS" start="2024-04-14T10:15:21.676543" elapsed="17.347362"/>
</kw>
<kw name="Enter FirstName" owner="Register">
<kw name="Input Text" owner="SeleniumLibrary">
<msg time="2024-04-14T10:15:39.024440" level="INFO">Typing text 'Qwerty' into text field 'name:firstName'.</msg>
<arg>${First_name}</arg>
<arg>${fname}</arg>
<doc>Types the given ``text`` into text field identified by ``locator``.</doc>
<status status="PASS" start="2024-04-14T10:15:39.024303" elapsed="0.090677"/>
</kw>
<arg>Qwerty</arg>
<status status="PASS" start="2024-04-14T10:15:39.024071" elapsed="0.091021"/>
</kw>
<kw name="Enter LastName" owner="Register">
<kw name="Input Text" owner="SeleniumLibrary">
<msg time="2024-04-14T10:15:39.115663" level="INFO">Typing text 'Qwerty' into text field 'name:lastName'.</msg>
<arg>${Last_name}</arg>
<arg>${Lname}</arg>
<doc>Types the given ``text`` into text field identified by ``locator``.</doc>
<status status="PASS" start="2024-04-14T10:15:39.115484" elapsed="0.042902"/>
</kw>
<arg>Qwerty</arg>
<status status="PASS" start="2024-04-14T10:15:39.115268" elapsed="0.043208"/>
</kw>
<kw name="Enter PhoneNumber" owner="Register">
<kw name="Input Text" owner="SeleniumLibrary">
<msg time="2024-04-14T10:15:39.159006" level="INFO">Typing text '37454939' into text field 'name:phone'.</msg>
<arg>${phone}</arg>
<arg>${phone_number}</arg>
<doc>Types the given ``text`` into text field identified by ``locator``.</doc>
<status status="PASS" start="2024-04-14T10:15:39.158894" elapsed="0.052751"/>
</kw>
<arg>37454939</arg>
<status status="PASS" start="2024-04-14T10:15:39.158653" elapsed="0.053085"/>
</kw>
<kw name="Enter Email" owner="Register">
<kw name="Input Text" owner="SeleniumLibrary">
<msg time="2024-04-14T10:15:39.212271" level="INFO">Typing text 'Qwerty@gmail.com' into text field 'name:userName'.</msg>
<arg>${Email}</arg>
<arg>${mail}</arg>
<doc>Types the given ``text`` into text field identified by ``locator``.</doc>
<status status="PASS" start="2024-04-14T10:15:39.212154" elapsed="0.046051"/>
</kw>
<arg>Qwerty@gmail.com</arg>
<status status="PASS" start="2024-04-14T10:15:39.211929" elapsed="0.046368"/>
</kw>
<kw name="Enter Address" owner="Register">
<kw name="Input Text" owner="SeleniumLibrary">
<msg time="2024-04-14T10:15:39.258872" level="INFO">Typing text 'Ganjam,Odisha,India' into text field 'name:address1'.</msg>
<arg>${Address}</arg>
<arg>${Add}</arg>
<doc>Types the given ``text`` into text field identified by ``locator``.</doc>
<status status="PASS" start="2024-04-14T10:15:39.258738" elapsed="0.048550"/>
</kw>
<arg>Ganjam,Odisha,India</arg>
<status status="PASS" start="2024-04-14T10:15:39.258468" elapsed="0.048914"/>
</kw>
<kw name="Enter city" owner="Register">
<kw name="Input Text" owner="SeleniumLibrary">
<msg time="2024-04-14T10:15:39.307923" level="INFO">Typing text 'Aska' into text field 'name:city'.</msg>
<arg>${city}</arg>
<arg>${city_name}</arg>
<doc>Types the given ``text`` into text field identified by ``locator``.</doc>
<status status="PASS" start="2024-04-14T10:15:39.307808" elapsed="0.041745"/>
</kw>
<arg>Aska</arg>
<status status="PASS" start="2024-04-14T10:15:39.307588" elapsed="0.042057"/>
</kw>
<kw name="Enter state" owner="Register">
<kw name="Input Text" owner="SeleniumLibrary">
<msg time="2024-04-14T10:15:39.350179" level="INFO">Typing text 'Odisha' into text field 'name:state'.</msg>
<arg>${state}</arg>
<arg>${state_name}</arg>
<doc>Types the given ``text`` into text field identified by ``locator``.</doc>
<status status="PASS" start="2024-04-14T10:15:39.350062" elapsed="0.043278"/>
</kw>
<arg>Odisha</arg>
<status status="PASS" start="2024-04-14T10:15:39.349822" elapsed="0.043615"/>
</kw>
<kw name="Enter postal" owner="Register">
<kw name="Input Text" owner="SeleniumLibrary">
<msg time="2024-04-14T10:15:39.394150" level="INFO">Typing text '761111' into text field 'name:postalCode'.</msg>
<arg>${postal}</arg>
<arg>${post}</arg>
<doc>Types the given ``text`` into text field identified by ``locator``.</doc>
<status status="PASS" start="2024-04-14T10:15:39.394019" elapsed="0.046311"/>
</kw>
<arg>761111</arg>
<status status="PASS" start="2024-04-14T10:15:39.393640" elapsed="0.046785"/>
</kw>
<kw name="Enter country" owner="Register">
<kw name="Select From List By Value" owner="SeleniumLibrary">
<msg time="2024-04-14T10:15:39.440977" level="INFO">Selecting options from selection list 'name:country' by value INDIA.</msg>
<arg>${country}</arg>
<arg>${country_name}</arg>
<doc>Selects options from selection list ``locator`` by ``values``.</doc>
<status status="PASS" start="2024-04-14T10:15:39.440844" elapsed="0.039683"/>
</kw>
<arg>INDIA</arg>
<status status="PASS" start="2024-04-14T10:15:39.440598" elapsed="0.040132"/>
</kw>
<kw name="Log To Console" owner="BuiltIn">
<arg>Country selected.</arg>
<doc>Logs the given message to the console.</doc>
<status status="PASS" start="2024-04-14T10:15:39.481167" elapsed="0.000477"/>
</kw>
<kw name="Enter username" owner="Register">
<kw name="Input Text" owner="SeleniumLibrary">
<msg time="2024-04-14T10:15:39.482231" level="INFO">Typing text 'Qwerty' into text field 'xpath://input[@id='email']'.</msg>
<arg>${username}</arg>
<arg>${uname}</arg>
<doc>Types the given ``text`` into text field identified by ``locator``.</doc>
<status status="PASS" start="2024-04-14T10:15:39.482020" elapsed="0.043127"/>
</kw>
<arg>Qwerty</arg>
<status status="PASS" start="2024-04-14T10:15:39.481823" elapsed="0.043467"/>
</kw>
<kw name="Log To Console" owner="BuiltIn">
<arg>username selected.</arg>
<doc>Logs the given message to the console.</doc>
<status status="PASS" start="2024-04-14T10:15:39.525438" elapsed="0.000129"/>
</kw>
<kw name="Enter userpassword" owner="Register">
<kw name="Input Text" owner="SeleniumLibrary">
<msg time="2024-04-14T10:15:39.525985" level="INFO">Typing text 'Qwerty' into text field 'xpath://tbody/tr[14]/td[2]/input[1]'.</msg>
<arg>${userpassword}</arg>
<arg>${upassword}</arg>
<doc>Types the given ``text`` into text field identified by ``locator``.</doc>
<status status="PASS" start="2024-04-14T10:15:39.525881" elapsed="0.048248"/>
</kw>
<arg>Qwerty</arg>
<status status="PASS" start="2024-04-14T10:15:39.525689" elapsed="0.048718"/>
</kw>
<kw name="Enter confirm password" owner="Register">
<kw name="Input Text" owner="SeleniumLibrary">
<msg time="2024-04-14T10:15:39.575161" level="INFO">Typing text 'Qwerty' into text field 'xpath://tbody/tr[15]/td[2]/input[1]'.</msg>
<arg>${confirmpassword}</arg>
<arg>${c_password}</arg>
<doc>Types the given ``text`` into text field identified by ``locator``.</doc>
<status status="PASS" start="2024-04-14T10:15:39.574939" elapsed="0.050000"/>
</kw>
<arg>Qwerty</arg>
<status status="PASS" start="2024-04-14T10:15:39.574608" elapsed="0.050480"/>
</kw>
<kw name="submit" owner="Register">
<kw name="Click Button" owner="SeleniumLibrary">
<msg time="2024-04-14T10:15:39.626096" level="INFO">Clicking button 'name:submit'.</msg>
<arg>${submit}</arg>
<doc>Clicks button identified by ``locator``.</doc>
<status status="PASS" start="2024-04-14T10:15:39.625938" elapsed="15.444831"/>
</kw>
<status status="PASS" start="2024-04-14T10:15:39.625578" elapsed="15.445292"/>
</kw>
<kw name="Sleep" owner="BuiltIn">
<msg time="2024-04-14T10:16:05.072725" level="INFO">Slept 10 seconds.</msg>
<arg>10</arg>
<doc>Pauses the test executed for the given time.</doc>
<status status="PASS" start="2024-04-14T10:15:55.071030" elapsed="10.001778"/>
</kw>
<kw name="Registration successfull" owner="Register">
<kw name="Title Should Be" owner="SeleniumLibrary">
<msg time="2024-04-14T10:16:05.076334" level="INFO">Page title is 'Register: Mercury Tours'.</msg>
<arg>Register: Mercury Tours</arg>
<doc>Verifies that current page title equals ``title``.</doc>
<status status="PASS" start="2024-04-14T10:16:05.073233" elapsed="0.003152"/>
</kw>
<status status="PASS" start="2024-04-14T10:16:05.073029" elapsed="0.003462"/>
</kw>
<status status="PASS" start="2024-04-14T10:14:35.691205" elapsed="89.385420"/>
</test>
<status status="PASS" start="2024-04-14T10:14:35.628346" elapsed="89.448921"/>
</suite>
<statistics>
<total>
<stat pass="1" fail="0" skip="0">All Tests</stat>
</total>
<tag>
</tag>
<suite>
<stat pass="1" fail="0" skip="0" id="s1" name="Registration">Registration</stat>
</suite>
</statistics>
<errors>
</errors>
</robot>
