<?xml version="1.0" encoding="UTF-8"?>
<robot generator="Robot 7.0 (Python 3.9.19 on darwin)" generated="2024-04-14T10:33:46.691934" rpa="false" schemaversion="5">
<suite id="s1" name="Tests" source="/Users/sudhansu/Desktop/Folder/MyProjects/Robot framework/UIAutomation/tests">
<suite id="s1-s1" name="Tc1" source="/Users/sudhansu/Desktop/Folder/MyProjects/Robot framework/UIAutomation/tests/tc1.robot">
<test id="s1-s1-t1" name="Login Test" line="10">
<kw name="open Application" owner="loginkeyword">
<kw name="Open Browser" owner="SeleniumLibrary">
<msg time="2024-04-14T10:33:46.761545" level="INFO">Opening browser 'chrome' to base url 'https://demo.guru99.com/test/newtours/index.php'.</msg>
<arg>${siteurl}</arg>
<arg>${browser}</arg>
<doc>Opens a new browser instance to the given ``url``.</doc>
<status status="PASS" start="2024-04-14T10:33:46.761404" elapsed="59.257690"/>
</kw>
<kw name="Maximize Browser Window" owner="SeleniumLibrary">
<doc>Maximizes current browser window.</doc>
<status status="PASS" start="2024-04-14T10:34:46.020202" elapsed="0.528364"/>
</kw>
<arg>${siteurl}</arg>
<arg>${browser}</arg>
<status status="PASS" start="2024-04-14T10:33:46.760890" elapsed="59.787799"/>
</kw>
<kw name="Enter UserName" owner="loginkeyword">
<kw name="Input Text" owner="SeleniumLibrary">
<msg time="2024-04-14T10:34:46.549718" level="INFO">Typing text 'mercury' into text field 'name:userName'.</msg>
<arg>${btn_username}</arg>
<arg>${username}</arg>
<doc>Types the given ``text`` into text field identified by ``locator``.</doc>
<status status="PASS" start="2024-04-14T10:34:46.549522" elapsed="0.116654"/>
</kw>
<arg>${user}</arg>
<status status="PASS" start="2024-04-14T10:34:46.548930" elapsed="0.117548"/>
</kw>
<kw name="Enter password" owner="loginkeyword">
<kw name="Input Text" owner="SeleniumLibrary">
<msg time="2024-04-14T10:34:46.667989" level="INFO">Typing text 'mercury' into text field 'name:password'.</msg>
<arg>${btn_password}</arg>
<arg>${password}</arg>
<doc>Types the given ``text`` into text field identified by ``locator``.</doc>
<status status="PASS" start="2024-04-14T10:34:46.667792" elapsed="0.056358"/>
</kw>
<arg>${pwd}</arg>
<status status="PASS" start="2024-04-14T10:34:46.666965" elapsed="0.057340"/>
</kw>
<kw name="Login" owner="loginkeyword">
<kw name="Click Button" owner="SeleniumLibrary">
<msg time="2024-04-14T10:34:46.725517" level="INFO">Clicking button 'xpath://input[@name='submit']'.</msg>
<arg>${btn_login}</arg>
<doc>Clicks button identified by ``locator``.</doc>
<status status="PASS" start="2024-04-14T10:34:46.725190" elapsed="20.624524"/>
</kw>
<status status="PASS" start="2024-04-14T10:34:46.724467" elapsed="20.625507"/>
</kw>
<kw name="close browser" owner="loginkeyword">
<kw name="Close All Browsers" owner="SeleniumLibrary">
<doc>Closes all open browsers and resets the browser cache.</doc>
<status status="PASS" start="2024-04-14T10:35:07.351831" elapsed="0.083877"/>
</kw>
<status status="PASS" start="2024-04-14T10:35:07.350752" elapsed="0.085175"/>
</kw>
<status status="PASS" start="2024-04-14T10:33:46.760634" elapsed="80.675504"/>
</test>
<status status="PASS" start="2024-04-14T10:33:46.703825" elapsed="80.732948"/>
</suite>
<status status="PASS" start="2024-04-14T10:33:46.695638" elapsed="80.741599"/>
</suite>
<statistics>
<total>
<stat pass="1" fail="0" skip="0">All Tests</stat>
</total>
<tag>
</tag>
<suite>
<stat pass="1" fail="0" skip="0" id="s1" name="Tests">Tests</stat>
<stat pass="1" fail="0" skip="0" id="s1-s1" name="Tc1">Tests.Tc1</stat>
</suite>
</statistics>
<errors>
</errors>
</robot>
