<?xml version="1.0" encoding="UTF-8"?>
<robot generator="Robot 7.0 (Python 3.9.19 on darwin)" generated="2024-04-14T10:36:46.481162" rpa="false" schemaversion="5">
<suite id="s1" name="Tests" source="/Users/sudhansu/Desktop/Folder/MyProjects/Robot framework/UIAutomation/tests">
<suite id="s1-s1" name="Registration" source="/Users/sudhansu/Desktop/Folder/MyProjects/Robot framework/UIAutomation/tests/registration.robot">
<test id="s1-s1-t1" name="Registration" line="10">
<kw name="Open Application" owner="Register">
<kw name="Open Browser" owner="SeleniumLibrary">
<msg time="2024-04-14T10:36:46.550882" level="INFO">Opening browser 'chrome' to base url 'https://demo.guru99.com/test/newtours/index.php'.</msg>
<arg>${siteurl}</arg>
<arg>${browser}</arg>
<doc>Opens a new browser instance to the given ``url``.</doc>
<status status="PASS" start="2024-04-14T10:36:46.550735" elapsed="47.475788"/>
</kw>
<kw name="Maximize Browser Window" owner="SeleniumLibrary">
<doc>Maximizes current browser window.</doc>
<status status="PASS" start="2024-04-14T10:37:34.027611" elapsed="0.457065"/>
</kw>
<arg>${siteurl}</arg>
<arg>${browser}</arg>
<status status="PASS" start="2024-04-14T10:36:46.550183" elapsed="47.934648"/>
</kw>
<kw name="open registration link" owner="Register">
<kw name="Click Link" owner="SeleniumLibrary">
<msg time="2024-04-14T10:37:34.485644" level="INFO">Clicking link 'xpath://a[text()='REGISTER']'.</msg>
<arg>${register_link}</arg>
<doc>Clicks a link identified by ``locator``.</doc>
<status status="PASS" start="2024-04-14T10:37:34.485489" elapsed="4.423534"/>
</kw>
<kw name="Wait Until Element Is Visible" owner="SeleniumLibrary">
<arg>${information_text}</arg>
<doc>Waits until element ``locator`` is visible.</doc>
<status status="PASS" start="2024-04-14T10:37:38.909221" elapsed="0.017273"/>
</kw>
<status status="PASS" start="2024-04-14T10:37:34.485123" elapsed="4.441473"/>
</kw>
<kw name="Enter FirstName" owner="Register">
<kw name="Input Text" owner="SeleniumLibrary">
<msg time="2024-04-14T10:37:38.927254" level="INFO">Typing text 'Qwerty' into text field 'name:firstName'.</msg>
<arg>${First_name}</arg>
<arg>${fname}</arg>
<doc>Types the given ``text`` into text field identified by ``locator``.</doc>
<status status="PASS" start="2024-04-14T10:37:38.927090" elapsed="0.094143"/>
</kw>
<arg>Qwerty</arg>
<status status="PASS" start="2024-04-14T10:37:38.926821" elapsed="0.094561"/>
</kw>
<kw name="Enter LastName" owner="Register">
<kw name="Input Text" owner="SeleniumLibrary">
<msg time="2024-04-14T10:37:39.022102" level="INFO">Typing text 'Qwerty' into text field 'name:lastName'.</msg>
<arg>${Last_name}</arg>
<arg>${Lname}</arg>
<doc>Types the given ``text`` into text field identified by ``locator``.</doc>
<status status="PASS" start="2024-04-14T10:37:39.021893" elapsed="0.045763"/>
</kw>
<arg>Qwerty</arg>
<status status="PASS" start="2024-04-14T10:37:39.021608" elapsed="0.046150"/>
</kw>
<kw name="Enter PhoneNumber" owner="Register">
<kw name="Input Text" owner="SeleniumLibrary">
<msg time="2024-04-14T10:37:39.068390" level="INFO">Typing text '37454939' into text field 'name:phone'.</msg>
<arg>${phone}</arg>
<arg>${phone_number}</arg>
<doc>Types the given ``text`` into text field identified by ``locator``.</doc>
<status status="PASS" start="2024-04-14T10:37:39.068212" elapsed="0.051378"/>
</kw>
<arg>37454939</arg>
<status status="PASS" start="2024-04-14T10:37:39.067918" elapsed="0.051805"/>
</kw>
<kw name="Enter Email" owner="Register">
<kw name="Input Text" owner="SeleniumLibrary">
<msg time="2024-04-14T10:37:39.120504" level="INFO">Typing text 'Qwerty@gmail.com' into text field 'name:userName'.</msg>
<arg>${Email}</arg>
<arg>${mail}</arg>
<doc>Types the given ``text`` into text field identified by ``locator``.</doc>
<status status="PASS" start="2024-04-14T10:37:39.120359" elapsed="0.048446"/>
</kw>
<arg>Qwerty@gmail.com</arg>
<status status="PASS" start="2024-04-14T10:37:39.119958" elapsed="0.048957"/>
</kw>
<kw name="Enter Address" owner="Register">
<kw name="Input Text" owner="SeleniumLibrary">
<msg time="2024-04-14T10:37:39.169410" level="INFO">Typing text 'Ganjam,Odisha,India' into text field 'name:address1'.</msg>
<arg>${Address}</arg>
<arg>${Add}</arg>
<doc>Types the given ``text`` into text field identified by ``locator``.</doc>
<status status="PASS" start="2024-04-14T10:37:39.169284" elapsed="0.052631"/>
</kw>
<arg>Ganjam,Odisha,India</arg>
<status status="PASS" start="2024-04-14T10:37:39.169051" elapsed="0.053024"/>
</kw>
<kw name="Enter city" owner="Register">
<kw name="Input Text" owner="SeleniumLibrary">
<msg time="2024-04-14T10:37:39.222998" level="INFO">Typing text 'Aska' into text field 'name:city'.</msg>
<arg>${city}</arg>
<arg>${city_name}</arg>
<doc>Types the given ``text`` into text field identified by ``locator``.</doc>
<status status="PASS" start="2024-04-14T10:37:39.222722" elapsed="0.048847"/>
</kw>
<arg>Aska</arg>
<status status="PASS" start="2024-04-14T10:37:39.222326" elapsed="0.049678"/>
</kw>
<kw name="Enter state" owner="Register">
<kw name="Input Text" owner="SeleniumLibrary">
<msg time="2024-04-14T10:37:39.276014" level="INFO">Typing text 'Odisha' into text field 'name:state'.</msg>
<arg>${state}</arg>
<arg>${state_name}</arg>
<doc>Types the given ``text`` into text field identified by ``locator``.</doc>
<status status="PASS" start="2024-04-14T10:37:39.275306" elapsed="0.054100"/>
</kw>
<arg>Odisha</arg>
<status status="PASS" start="2024-04-14T10:37:39.272450" elapsed="0.057074"/>
</kw>
<kw name="Enter postal" owner="Register">
<kw name="Input Text" owner="SeleniumLibrary">
<msg time="2024-04-14T10:37:39.330663" level="INFO">Typing text '761111' into text field 'name:postalCode'.</msg>
<arg>${postal}</arg>
<arg>${post}</arg>
<doc>Types the given ``text`` into text field identified by ``locator``.</doc>
<status status="PASS" start="2024-04-14T10:37:39.330241" elapsed="0.090062"/>
</kw>
<arg>761111</arg>
<status status="PASS" start="2024-04-14T10:37:39.329811" elapsed="0.090605"/>
</kw>
<kw name="Enter country" owner="Register">
<kw name="Select From List By Value" owner="SeleniumLibrary">
<msg time="2024-04-14T10:37:39.421385" level="INFO">Selecting options from selection list 'name:country' by value INDIA.</msg>
<arg>${country}</arg>
<arg>${country_name}</arg>
<doc>Selects options from selection list ``locator`` by ``values``.</doc>
<status status="PASS" start="2024-04-14T10:37:39.420958" elapsed="0.050296"/>
</kw>
<arg>INDIA</arg>
<status status="PASS" start="2024-04-14T10:37:39.420612" elapsed="0.050767"/>
</kw>
<kw name="Log To Console" owner="BuiltIn">
<arg>Country selected.</arg>
<doc>Logs the given message to the console.</doc>
<status status="PASS" start="2024-04-14T10:37:39.471649" elapsed="0.000529"/>
</kw>
<kw name="Enter username" owner="Register">
<kw name="Input Text" owner="SeleniumLibrary">
<msg time="2024-04-14T10:37:39.472912" level="INFO">Typing text 'Qwerty' into text field 'xpath://input[@id='email']'.</msg>
<arg>${username}</arg>
<arg>${uname}</arg>
<doc>Types the given ``text`` into text field identified by ``locator``.</doc>
<status status="PASS" start="2024-04-14T10:37:39.472741" elapsed="0.046886"/>
</kw>
<arg>Qwerty</arg>
<status status="PASS" start="2024-04-14T10:37:39.472432" elapsed="0.047300"/>
</kw>
<kw name="Log To Console" owner="BuiltIn">
<arg>username selected.</arg>
<doc>Logs the given message to the console.</doc>
<status status="PASS" start="2024-04-14T10:37:39.519840" elapsed="0.000173"/>
</kw>
<kw name="Enter userpassword" owner="Register">
<kw name="Input Text" owner="SeleniumLibrary">
<msg time="2024-04-14T10:37:39.520421" level="INFO">Typing text 'Qwerty' into text field 'xpath://tbody/tr[14]/td[2]/input[1]'.</msg>
<arg>${userpassword}</arg>
<arg>${upassword}</arg>
<doc>Types the given ``text`` into text field identified by ``locator``.</doc>
<status status="PASS" start="2024-04-14T10:37:39.520308" elapsed="0.043602"/>
</kw>
<arg>Qwerty</arg>
<status status="PASS" start="2024-04-14T10:37:39.520120" elapsed="0.043943"/>
</kw>
<kw name="Enter confirm password" owner="Register">
<kw name="Input Text" owner="SeleniumLibrary">
<msg time="2024-04-14T10:37:39.564623" level="INFO">Typing text 'Qwerty' into text field 'xpath://tbody/tr[15]/td[2]/input[1]'.</msg>
<arg>${confirmpassword}</arg>
<arg>${c_password}</arg>
<doc>Types the given ``text`` into text field identified by ``locator``.</doc>
<status status="PASS" start="2024-04-14T10:37:39.564476" elapsed="0.042908"/>
</kw>
<arg>Qwerty</arg>
<status status="PASS" start="2024-04-14T10:37:39.564238" elapsed="0.043258"/>
</kw>
<kw name="submit" owner="Register">
<kw name="Click Button" owner="SeleniumLibrary">
<msg time="2024-04-14T10:37:39.608179" level="INFO">Clicking button 'name:submit'.</msg>
<arg>${submit}</arg>
<doc>Clicks button identified by ``locator``.</doc>
<status status="PASS" start="2024-04-14T10:37:39.608032" elapsed="20.307257"/>
</kw>
<status status="PASS" start="2024-04-14T10:37:39.607672" elapsed="20.307754"/>
</kw>
<kw name="Sleep" owner="BuiltIn">
<msg time="2024-04-14T10:38:09.916985" level="INFO">Slept 10 seconds.</msg>
<arg>10</arg>
<doc>Pauses the test executed for the given time.</doc>
<status status="PASS" start="2024-04-14T10:37:59.915644" elapsed="10.001438"/>
</kw>
<kw name="Registration successfull" owner="Register">
<kw name="Title Should Be" owner="SeleniumLibrary">
<msg time="2024-04-14T10:38:09.920236" level="INFO">Page title is 'Register: Mercury Tours'.</msg>
<arg>Register: Mercury Tours</arg>
<doc>Verifies that current page title equals ``title``.</doc>
<status status="PASS" start="2024-04-14T10:38:09.917498" elapsed="0.002789"/>
</kw>
<status status="PASS" start="2024-04-14T10:38:09.917263" elapsed="0.003089"/>
</kw>
<status status="PASS" start="2024-04-14T10:36:46.549865" elapsed="83.370586"/>
</test>
<status status="PASS" start="2024-04-14T10:36:46.493039" elapsed="83.427802"/>
</suite>
<status status="PASS" start="2024-04-14T10:36:46.484900" elapsed="83.436315"/>
</suite>
<statistics>
<total>
<stat pass="1" fail="0" skip="0">All Tests</stat>
</total>
<tag>
</tag>
<suite>
<stat pass="1" fail="0" skip="0" id="s1" name="Tests">Tests</stat>
<stat pass="1" fail="0" skip="0" id="s1-s1" name="Registration">Tests.Registration</stat>
</suite>
</statistics>
<errors>
</errors>
</robot>
